
> phaser3-typescript-webpack@1.0.0 dev
> npm run copy-css && webpack


> phaser3-typescript-webpack@1.0.0 copy-css
> node -e "require('fs').copyFileSync('node_modules/nes.css/css/nes.min.css', 'nes.min.css')"

[dotenv@17.2.3] injecting env (0) from .env -- tip: ⚙️  enable debug logging with { debug: true }

Webpack is watching the files…

Hash: 82aee5b938e02e0bacaf
Version: webpack 3.11.0
Time: 5096ms
               Asset     Size  Chunks                    Chunk Names
           bundle.js   728 kB       0  [emitted]  [big]  app
    vendor.bundle.js  5.08 MB       1  [emitted]  [big]  vendor
       bundle.js.map   861 kB       0  [emitted]         app
vendor.bundle.js.map  5.97 MB       1  [emitted]         vendor
       ../index.html  2.13 kB          [emitted]         
  [24] ./src/main.ts 6.68 kB {0} [built]
  [35] ./src/services/auth-service.ts 16.6 kB {0} [built]
 [131] ./src/services/websocket-service.ts 9.37 kB {0} [built]
 [212] ./src/services/game-service.ts 12 kB {0} [built]
 [213] ./src/objects/image-overlay.ts 8.3 kB {0} [built]
 [215] (webpack)/buildin/global.js 509 bytes {1} [built]
 [441] multi ./src/main.ts 28 bytes {0} [built]
[1081] ./src/scenes/login-scene.ts 24.7 kB {0} [built]
[1083] ./src/scenes/menu-scene.ts 33.5 kB {0} [built]
[1084] ./src/scenes/game-create-scene.ts 34.8 kB {0} [built]
[1086] ./src/scenes/qix-scene.ts 57 kB {0} [built]
[1107] ./src/scenes/leaderboard-scene.ts 25.4 kB {0} [built]
[1108] ./src/scenes/stats-scene.ts 40 kB {0} [built]
[1111] multi ./src/utils/canvas-patch.ts phaser 40 bytes {1} [built]
[1112] ./src/utils/canvas-patch.ts 690 bytes {1} [built]
    + 1098 hidden modules
Child html-webpack-plugin for "../index.html":
     1 asset
       [0] ./node_modules/html-webpack-plugin/lib/loader.js!./src/index.html 2.44 kB {0} [built]
       [2] (webpack)/buildin/global.js 509 bytes {0} [built]
       [3] (webpack)/buildin/module.js 517 bytes {0} [built]
        + 1 hidden module
[Browsersync] Access URLs:
 ---------------------------------
    Local: http://localhost:3001
 External: http://192.168.0.4:3001
 ---------------------------------
[Browsersync] Serving files from: ./
[Browsersync] Serving files from: ./build
